

Microchip MPLAB XC8 Assembler V2.10 build 88905656 
                                                                                               Fri Jan 03 21:31:44 2020

Microchip MPLAB XC8 C Compiler v2.10 (Free license) build 20190730164152 Og1 
     1                           	processor	16F1507
     2                           	opt	pw 120
     3                           	opt	flic
     4                           	psect	idataCOMMON,global,class=CODE,delta=2
     5                           	psect	cinit,global,class=CODE,merge=1,delta=2
     6                           	psect	bssCOMMON,global,class=COMMON,space=1,delta=1
     7                           	psect	dataCOMMON,global,class=COMMON,space=1,delta=1
     8                           	psect	cstackCOMMON,global,class=COMMON,space=1,delta=1
     9                           	psect	maintext,global,class=CODE,merge=1,split=1,delta=2
    10                           	psect	text1,local,class=CODE,merge=1,delta=2
    11                           	psect	text2,local,class=CODE,merge=1,delta=2
    12                           	psect	text3,local,class=CODE,merge=1,delta=2
    13                           	psect	text4,local,class=CODE,merge=1,delta=2
    14                           	psect	text5,local,class=CODE,merge=1,delta=2
    15                           	psect	text6,local,class=CODE,merge=1,delta=2
    16                           	psect	text7,local,class=CODE,merge=1,delta=2
    17                           	psect	text8,local,class=CODE,merge=1,delta=2
    18                           	psect	text9,local,class=CODE,merge=1,delta=2
    19                           	psect	text10,local,class=CODE,merge=1,delta=2
    20                           	psect	text11,local,class=CODE,merge=1,delta=2
    21                           	psect	text12,local,class=CODE,merge=1,delta=2
    22                           	dabs	1,0x7E,2
    23  0000                     
    24                           ; Version 2.10
    25                           ; Generated 31/07/2019 GMT
    26                           ; 
    27                           ; Copyright © 2019, Microchip Technology Inc. and its subsidiaries ("Microchip")
    28                           ; All rights reserved.
    29                           ; 
    30                           ; This software is developed by Microchip Technology Inc. and its subsidiaries ("Microch
      +                          ip").
    31                           ; 
    32                           ; Redistribution and use in source and binary forms, with or without modification, are
    33                           ; permitted provided that the following conditions are met:
    34                           ; 
    35                           ;     1. Redistributions of source code must retain the above copyright notice, this lis
      +                          t of
    36                           ;        conditions and the following disclaimer.
    37                           ; 
    38                           ;     2. Redistributions in binary form must reproduce the above copyright notice, this 
      +                          list
    39                           ;        of conditions and the following disclaimer in the documentation and/or other
    40                           ;        materials provided with the distribution.
    41                           ; 
    42                           ;     3. Microchip's name may not be used to endorse or promote products derived from th
      +                          is
    43                           ;        software without specific prior written permission.
    44                           ; 
    45                           ; THIS SOFTWARE IS PROVIDED BY MICROCHIP "AS IS" AND ANY EXPRESS OR IMPLIED WARRANTIES,
    46                           ; INCLUDING, BUT NOT LIMITED TO, THE IMPLIED WARRANTIES OF MERCHANTABILITY AND FITNESS F
      +                          OR
    47                           ; PURPOSE ARE DISCLAIMED.  IN NO EVENT SHALL MICROCHIP BE LIABLE FOR ANY DIRECT, INDIREC
      +                          T,
    48                           ; INCIDENTAL, SPECIAL, EXEMPLARY, OR CONSEQUENTIAL DAMAGES (INCLUDING BUT NOT LIMITED TO
    49                           ; PROCUREMENT OF SUBSTITUTE GOODS OR SERVICES; LOSS OF USE, DATA OR PROFITS; OR BUSINESS
    50                           ; INTERRUPTION) HOWSOEVER CAUSED AND ON ANY THEORY OF LIABILITY, WHETHER IN CONTRACT, ST
      +                          RICT
    51                           ; LIABILITY, OR TORT (INCLUDING NEGLIGENCE OR OTHERWISE) ARISING IN ANY WAY OUT OF THE U
      +                          SE OF
    52                           ; THIS SOFTWARE, EVEN IF ADVISED OF THE POSSIBILITY OF SUCH DAMAGE.
    53                           ; 
    54                           ; 
    55                           ; Code-generator required, PIC16F1507 Definitions
    56                           ; 
    57                           ; SFR Addresses
    58  0000                     	;# 
    59  0001                     	;# 
    60  0002                     	;# 
    61  0003                     	;# 
    62  0004                     	;# 
    63  0005                     	;# 
    64  0006                     	;# 
    65  0007                     	;# 
    66  0008                     	;# 
    67  0009                     	;# 
    68  000A                     	;# 
    69  000B                     	;# 
    70  000C                     	;# 
    71  000D                     	;# 
    72  000E                     	;# 
    73  0011                     	;# 
    74  0012                     	;# 
    75  0013                     	;# 
    76  0015                     	;# 
    77  0016                     	;# 
    78  0016                     	;# 
    79  0017                     	;# 
    80  0018                     	;# 
    81  0019                     	;# 
    82  001A                     	;# 
    83  001B                     	;# 
    84  001C                     	;# 
    85  008C                     	;# 
    86  008D                     	;# 
    87  008E                     	;# 
    88  0091                     	;# 
    89  0092                     	;# 
    90  0093                     	;# 
    91  0095                     	;# 
    92  0096                     	;# 
    93  0097                     	;# 
    94  0099                     	;# 
    95  009A                     	;# 
    96  009B                     	;# 
    97  009B                     	;# 
    98  009C                     	;# 
    99  009D                     	;# 
   100  009E                     	;# 
   101  009F                     	;# 
   102  010C                     	;# 
   103  010D                     	;# 
   104  010E                     	;# 
   105  0116                     	;# 
   106  0117                     	;# 
   107  011D                     	;# 
   108  018C                     	;# 
   109  018D                     	;# 
   110  018E                     	;# 
   111  0191                     	;# 
   112  0191                     	;# 
   113  0192                     	;# 
   114  0193                     	;# 
   115  0193                     	;# 
   116  0194                     	;# 
   117  0195                     	;# 
   118  0196                     	;# 
   119  0197                     	;# 
   120  020C                     	;# 
   121  020D                     	;# 
   122  0391                     	;# 
   123  0392                     	;# 
   124  0393                     	;# 
   125  0394                     	;# 
   126  0395                     	;# 
   127  0396                     	;# 
   128  0498                     	;# 
   129  0498                     	;# 
   130  0499                     	;# 
   131  049A                     	;# 
   132  049B                     	;# 
   133  049B                     	;# 
   134  049C                     	;# 
   135  049D                     	;# 
   136  049E                     	;# 
   137  049F                     	;# 
   138  0611                     	;# 
   139  0612                     	;# 
   140  0613                     	;# 
   141  0613                     	;# 
   142  0614                     	;# 
   143  0615                     	;# 
   144  0616                     	;# 
   145  0616                     	;# 
   146  0617                     	;# 
   147  0618                     	;# 
   148  0619                     	;# 
   149  0619                     	;# 
   150  061A                     	;# 
   151  061B                     	;# 
   152  061C                     	;# 
   153  061C                     	;# 
   154  0691                     	;# 
   155  0692                     	;# 
   156  0693                     	;# 
   157  0694                     	;# 
   158  0695                     	;# 
   159  0F0F                     	;# 
   160  0F10                     	;# 
   161  0F11                     	;# 
   162  0F12                     	;# 
   163  0F13                     	;# 
   164  0F14                     	;# 
   165  0F15                     	;# 
   166  0F16                     	;# 
   167  0F17                     	;# 
   168  0F18                     	;# 
   169  0F19                     	;# 
   170  0F1A                     	;# 
   171  0F1B                     	;# 
   172  0F1C                     	;# 
   173  0F1D                     	;# 
   174  0F1E                     	;# 
   175  0F1F                     	;# 
   176  0FE3                     	;# 
   177  0FE4                     	;# 
   178  0FE5                     	;# 
   179  0FE6                     	;# 
   180  0FE7                     	;# 
   181  0FE8                     	;# 
   182  0FE9                     	;# 
   183  0FEA                     	;# 
   184  0FEB                     	;# 
   185  0FED                     	;# 
   186  0FEE                     	;# 
   187  0FEF                     	;# 
   188  0000                     	;# 
   189  0001                     	;# 
   190  0002                     	;# 
   191  0003                     	;# 
   192  0004                     	;# 
   193  0005                     	;# 
   194  0006                     	;# 
   195  0007                     	;# 
   196  0008                     	;# 
   197  0009                     	;# 
   198  000A                     	;# 
   199  000B                     	;# 
   200  000C                     	;# 
   201  000D                     	;# 
   202  000E                     	;# 
   203  0011                     	;# 
   204  0012                     	;# 
   205  0013                     	;# 
   206  0015                     	;# 
   207  0016                     	;# 
   208  0016                     	;# 
   209  0017                     	;# 
   210  0018                     	;# 
   211  0019                     	;# 
   212  001A                     	;# 
   213  001B                     	;# 
   214  001C                     	;# 
   215  008C                     	;# 
   216  008D                     	;# 
   217  008E                     	;# 
   218  0091                     	;# 
   219  0092                     	;# 
   220  0093                     	;# 
   221  0095                     	;# 
   222  0096                     	;# 
   223  0097                     	;# 
   224  0099                     	;# 
   225  009A                     	;# 
   226  009B                     	;# 
   227  009B                     	;# 
   228  009C                     	;# 
   229  009D                     	;# 
   230  009E                     	;# 
   231  009F                     	;# 
   232  010C                     	;# 
   233  010D                     	;# 
   234  010E                     	;# 
   235  0116                     	;# 
   236  0117                     	;# 
   237  011D                     	;# 
   238  018C                     	;# 
   239  018D                     	;# 
   240  018E                     	;# 
   241  0191                     	;# 
   242  0191                     	;# 
   243  0192                     	;# 
   244  0193                     	;# 
   245  0193                     	;# 
   246  0194                     	;# 
   247  0195                     	;# 
   248  0196                     	;# 
   249  0197                     	;# 
   250  020C                     	;# 
   251  020D                     	;# 
   252  0391                     	;# 
   253  0392                     	;# 
   254  0393                     	;# 
   255  0394                     	;# 
   256  0395                     	;# 
   257  0396                     	;# 
   258  0498                     	;# 
   259  0498                     	;# 
   260  0499                     	;# 
   261  049A                     	;# 
   262  049B                     	;# 
   263  049B                     	;# 
   264  049C                     	;# 
   265  049D                     	;# 
   266  049E                     	;# 
   267  049F                     	;# 
   268  0611                     	;# 
   269  0612                     	;# 
   270  0613                     	;# 
   271  0613                     	;# 
   272  0614                     	;# 
   273  0615                     	;# 
   274  0616                     	;# 
   275  0616                     	;# 
   276  0617                     	;# 
   277  0618                     	;# 
   278  0619                     	;# 
   279  0619                     	;# 
   280  061A                     	;# 
   281  061B                     	;# 
   282  061C                     	;# 
   283  061C                     	;# 
   284  0691                     	;# 
   285  0692                     	;# 
   286  0693                     	;# 
   287  0694                     	;# 
   288  0695                     	;# 
   289  0F0F                     	;# 
   290  0F10                     	;# 
   291  0F11                     	;# 
   292  0F12                     	;# 
   293  0F13                     	;# 
   294  0F14                     	;# 
   295  0F15                     	;# 
   296  0F16                     	;# 
   297  0F17                     	;# 
   298  0F18                     	;# 
   299  0F19                     	;# 
   300  0F1A                     	;# 
   301  0F1B                     	;# 
   302  0F1C                     	;# 
   303  0F1D                     	;# 
   304  0F1E                     	;# 
   305  0F1F                     	;# 
   306  0FE3                     	;# 
   307  0FE4                     	;# 
   308  0FE5                     	;# 
   309  0FE6                     	;# 
   310  0FE7                     	;# 
   311  0FE8                     	;# 
   312  0FE9                     	;# 
   313  0FEA                     	;# 
   314  0FEB                     	;# 
   315  0FED                     	;# 
   316  0FEE                     	;# 
   317  0FEF                     	;# 
   318  0000                     	;# 
   319  0001                     	;# 
   320  0002                     	;# 
   321  0003                     	;# 
   322  0004                     	;# 
   323  0005                     	;# 
   324  0006                     	;# 
   325  0007                     	;# 
   326  0008                     	;# 
   327  0009                     	;# 
   328  000A                     	;# 
   329  000B                     	;# 
   330  000C                     	;# 
   331  000D                     	;# 
   332  000E                     	;# 
   333  0011                     	;# 
   334  0012                     	;# 
   335  0013                     	;# 
   336  0015                     	;# 
   337  0016                     	;# 
   338  0016                     	;# 
   339  0017                     	;# 
   340  0018                     	;# 
   341  0019                     	;# 
   342  001A                     	;# 
   343  001B                     	;# 
   344  001C                     	;# 
   345  008C                     	;# 
   346  008D                     	;# 
   347  008E                     	;# 
   348  0091                     	;# 
   349  0092                     	;# 
   350  0093                     	;# 
   351  0095                     	;# 
   352  0096                     	;# 
   353  0097                     	;# 
   354  0099                     	;# 
   355  009A                     	;# 
   356  009B                     	;# 
   357  009B                     	;# 
   358  009C                     	;# 
   359  009D                     	;# 
   360  009E                     	;# 
   361  009F                     	;# 
   362  010C                     	;# 
   363  010D                     	;# 
   364  010E                     	;# 
   365  0116                     	;# 
   366  0117                     	;# 
   367  011D                     	;# 
   368  018C                     	;# 
   369  018D                     	;# 
   370  018E                     	;# 
   371  0191                     	;# 
   372  0191                     	;# 
   373  0192                     	;# 
   374  0193                     	;# 
   375  0193                     	;# 
   376  0194                     	;# 
   377  0195                     	;# 
   378  0196                     	;# 
   379  0197                     	;# 
   380  020C                     	;# 
   381  020D                     	;# 
   382  0391                     	;# 
   383  0392                     	;# 
   384  0393                     	;# 
   385  0394                     	;# 
   386  0395                     	;# 
   387  0396                     	;# 
   388  0498                     	;# 
   389  0498                     	;# 
   390  0499                     	;# 
   391  049A                     	;# 
   392  049B                     	;# 
   393  049B                     	;# 
   394  049C                     	;# 
   395  049D                     	;# 
   396  049E                     	;# 
   397  049F                     	;# 
   398  0611                     	;# 
   399  0612                     	;# 
   400  0613                     	;# 
   401  0613                     	;# 
   402  0614                     	;# 
   403  0615                     	;# 
   404  0616                     	;# 
   405  0616                     	;# 
   406  0617                     	;# 
   407  0618                     	;# 
   408  0619                     	;# 
   409  0619                     	;# 
   410  061A                     	;# 
   411  061B                     	;# 
   412  061C                     	;# 
   413  061C                     	;# 
   414  0691                     	;# 
   415  0692                     	;# 
   416  0693                     	;# 
   417  0694                     	;# 
   418  0695                     	;# 
   419  0F0F                     	;# 
   420  0F10                     	;# 
   421  0F11                     	;# 
   422  0F12                     	;# 
   423  0F13                     	;# 
   424  0F14                     	;# 
   425  0F15                     	;# 
   426  0F16                     	;# 
   427  0F17                     	;# 
   428  0F18                     	;# 
   429  0F19                     	;# 
   430  0F1A                     	;# 
   431  0F1B                     	;# 
   432  0F1C                     	;# 
   433  0F1D                     	;# 
   434  0F1E                     	;# 
   435  0F1F                     	;# 
   436  0FE3                     	;# 
   437  0FE4                     	;# 
   438  0FE5                     	;# 
   439  0FE6                     	;# 
   440  0FE7                     	;# 
   441  0FE8                     	;# 
   442  0FE9                     	;# 
   443  0FEA                     	;# 
   444  0FEB                     	;# 
   445  0FED                     	;# 
   446  0FEE                     	;# 
   447  0FEF                     	;# 
   448  0000                     	;# 
   449  0001                     	;# 
   450  0002                     	;# 
   451  0003                     	;# 
   452  0004                     	;# 
   453  0005                     	;# 
   454  0006                     	;# 
   455  0007                     	;# 
   456  0008                     	;# 
   457  0009                     	;# 
   458  000A                     	;# 
   459  000B                     	;# 
   460  000C                     	;# 
   461  000D                     	;# 
   462  000E                     	;# 
   463  0011                     	;# 
   464  0012                     	;# 
   465  0013                     	;# 
   466  0015                     	;# 
   467  0016                     	;# 
   468  0016                     	;# 
   469  0017                     	;# 
   470  0018                     	;# 
   471  0019                     	;# 
   472  001A                     	;# 
   473  001B                     	;# 
   474  001C                     	;# 
   475  008C                     	;# 
   476  008D                     	;# 
   477  008E                     	;# 
   478  0091                     	;# 
   479  0092                     	;# 
   480  0093                     	;# 
   481  0095                     	;# 
   482  0096                     	;# 
   483  0097                     	;# 
   484  0099                     	;# 
   485  009A                     	;# 
   486  009B                     	;# 
   487  009B                     	;# 
   488  009C                     	;# 
   489  009D                     	;# 
   490  009E                     	;# 
   491  009F                     	;# 
   492  010C                     	;# 
   493  010D                     	;# 
   494  010E                     	;# 
   495  0116                     	;# 
   496  0117                     	;# 
   497  011D                     	;# 
   498  018C                     	;# 
   499  018D                     	;# 
   500  018E                     	;# 
   501  0191                     	;# 
   502  0191                     	;# 
   503  0192                     	;# 
   504  0193                     	;# 
   505  0193                     	;# 
   506  0194                     	;# 
   507  0195                     	;# 
   508  0196                     	;# 
   509  0197                     	;# 
   510  020C                     	;# 
   511  020D                     	;# 
   512  0391                     	;# 
   513  0392                     	;# 
   514  0393                     	;# 
   515  0394                     	;# 
   516  0395                     	;# 
   517  0396                     	;# 
   518  0498                     	;# 
   519  0498                     	;# 
   520  0499                     	;# 
   521  049A                     	;# 
   522  049B                     	;# 
   523  049B                     	;# 
   524  049C                     	;# 
   525  049D                     	;# 
   526  049E                     	;# 
   527  049F                     	;# 
   528  0611                     	;# 
   529  0612                     	;# 
   530  0613                     	;# 
   531  0613                     	;# 
   532  0614                     	;# 
   533  0615                     	;# 
   534  0616                     	;# 
   535  0616                     	;# 
   536  0617                     	;# 
   537  0618                     	;# 
   538  0619                     	;# 
   539  0619                     	;# 
   540  061A                     	;# 
   541  061B                     	;# 
   542  061C                     	;# 
   543  061C                     	;# 
   544  0691                     	;# 
   545  0692                     	;# 
   546  0693                     	;# 
   547  0694                     	;# 
   548  0695                     	;# 
   549  0F0F                     	;# 
   550  0F10                     	;# 
   551  0F11                     	;# 
   552  0F12                     	;# 
   553  0F13                     	;# 
   554  0F14                     	;# 
   555  0F15                     	;# 
   556  0F16                     	;# 
   557  0F17                     	;# 
   558  0F18                     	;# 
   559  0F19                     	;# 
   560  0F1A                     	;# 
   561  0F1B                     	;# 
   562  0F1C                     	;# 
   563  0F1D                     	;# 
   564  0F1E                     	;# 
   565  0F1F                     	;# 
   566  0FE3                     	;# 
   567  0FE4                     	;# 
   568  0FE5                     	;# 
   569  0FE6                     	;# 
   570  0FE7                     	;# 
   571  0FE8                     	;# 
   572  0FE9                     	;# 
   573  0FEA                     	;# 
   574  0FEB                     	;# 
   575  0FED                     	;# 
   576  0FEE                     	;# 
   577  0FEF                     	;# 
   578  0000                     	;# 
   579  0001                     	;# 
   580  0002                     	;# 
   581  0003                     	;# 
   582  0004                     	;# 
   583  0005                     	;# 
   584  0006                     	;# 
   585  0007                     	;# 
   586  0008                     	;# 
   587  0009                     	;# 
   588  000A                     	;# 
   589  000B                     	;# 
   590  000C                     	;# 
   591  000D                     	;# 
   592  000E                     	;# 
   593  0011                     	;# 
   594  0012                     	;# 
   595  0013                     	;# 
   596  0015                     	;# 
   597  0016                     	;# 
   598  0016                     	;# 
   599  0017                     	;# 
   600  0018                     	;# 
   601  0019                     	;# 
   602  001A                     	;# 
   603  001B                     	;# 
   604  001C                     	;# 
   605  008C                     	;# 
   606  008D                     	;# 
   607  008E                     	;# 
   608  0091                     	;# 
   609  0092                     	;# 
   610  0093                     	;# 
   611  0095                     	;# 
   612  0096                     	;# 
   613  0097                     	;# 
   614  0099                     	;# 
   615  009A                     	;# 
   616  009B                     	;# 
   617  009B                     	;# 
   618  009C                     	;# 
   619  009D                     	;# 
   620  009E                     	;# 
   621  009F                     	;# 
   622  010C                     	;# 
   623  010D                     	;# 
   624  010E                     	;# 
   625  0116                     	;# 
   626  0117                     	;# 
   627  011D                     	;# 
   628  018C                     	;# 
   629  018D                     	;# 
   630  018E                     	;# 
   631  0191                     	;# 
   632  0191                     	;# 
   633  0192                     	;# 
   634  0193                     	;# 
   635  0193                     	;# 
   636  0194                     	;# 
   637  0195                     	;# 
   638  0196                     	;# 
   639  0197                     	;# 
   640  020C                     	;# 
   641  020D                     	;# 
   642  0391                     	;# 
   643  0392                     	;# 
   644  0393                     	;# 
   645  0394                     	;# 
   646  0395                     	;# 
   647  0396                     	;# 
   648  0498                     	;# 
   649  0498                     	;# 
   650  0499                     	;# 
   651  049A                     	;# 
   652  049B                     	;# 
   653  049B                     	;# 
   654  049C                     	;# 
   655  049D                     	;# 
   656  049E                     	;# 
   657  049F                     	;# 
   658  0611                     	;# 
   659  0612                     	;# 
   660  0613                     	;# 
   661  0613                     	;# 
   662  0614                     	;# 
   663  0615                     	;# 
   664  0616                     	;# 
   665  0616                     	;# 
   666  0617                     	;# 
   667  0618                     	;# 
   668  0619                     	;# 
   669  0619                     	;# 
   670  061A                     	;# 
   671  061B                     	;# 
   672  061C                     	;# 
   673  061C                     	;# 
   674  0691                     	;# 
   675  0692                     	;# 
   676  0693                     	;# 
   677  0694                     	;# 
   678  0695                     	;# 
   679  0F0F                     	;# 
   680  0F10                     	;# 
   681  0F11                     	;# 
   682  0F12                     	;# 
   683  0F13                     	;# 
   684  0F14                     	;# 
   685  0F15                     	;# 
   686  0F16                     	;# 
   687  0F17                     	;# 
   688  0F18                     	;# 
   689  0F19                     	;# 
   690  0F1A                     	;# 
   691  0F1B                     	;# 
   692  0F1C                     	;# 
   693  0F1D                     	;# 
   694  0F1E                     	;# 
   695  0F1F                     	;# 
   696  0FE3                     	;# 
   697  0FE4                     	;# 
   698  0FE5                     	;# 
   699  0FE6                     	;# 
   700  0FE7                     	;# 
   701  0FE8                     	;# 
   702  0FE9                     	;# 
   703  0FEA                     	;# 
   704  0FEB                     	;# 
   705  0FED                     	;# 
   706  0FEE                     	;# 
   707  0FEF                     	;# 
   708  0000                     	;# 
   709  0001                     	;# 
   710  0002                     	;# 
   711  0003                     	;# 
   712  0004                     	;# 
   713  0005                     	;# 
   714  0006                     	;# 
   715  0007                     	;# 
   716  0008                     	;# 
   717  0009                     	;# 
   718  000A                     	;# 
   719  000B                     	;# 
   720  000C                     	;# 
   721  000D                     	;# 
   722  000E                     	;# 
   723  0011                     	;# 
   724  0012                     	;# 
   725  0013                     	;# 
   726  0015                     	;# 
   727  0016                     	;# 
   728  0016                     	;# 
   729  0017                     	;# 
   730  0018                     	;# 
   731  0019                     	;# 
   732  001A                     	;# 
   733  001B                     	;# 
   734  001C                     	;# 
   735  008C                     	;# 
   736  008D                     	;# 
   737  008E                     	;# 
   738  0091                     	;# 
   739  0092                     	;# 
   740  0093                     	;# 
   741  0095                     	;# 
   742  0096                     	;# 
   743  0097                     	;# 
   744  0099                     	;# 
   745  009A                     	;# 
   746  009B                     	;# 
   747  009B                     	;# 
   748  009C                     	;# 
   749  009D                     	;# 
   750  009E                     	;# 
   751  009F                     	;# 
   752  010C                     	;# 
   753  010D                     	;# 
   754  010E                     	;# 
   755  0116                     	;# 
   756  0117                     	;# 
   757  011D                     	;# 
   758  018C                     	;# 
   759  018D                     	;# 
   760  018E                     	;# 
   761  0191                     	;# 
   762  0191                     	;# 
   763  0192                     	;# 
   764  0193                     	;# 
   765  0193                     	;# 
   766  0194                     	;# 
   767  0195                     	;# 
   768  0196                     	;# 
   769  0197                     	;# 
   770  020C                     	;# 
   771  020D                     	;# 
   772  0391                     	;# 
   773  0392                     	;# 
   774  0393                     	;# 
   775  0394                     	;# 
   776  0395                     	;# 
   777  0396                     	;# 
   778  0498                     	;# 
   779  0498                     	;# 
   780  0499                     	;# 
   781  049A                     	;# 
   782  049B                     	;# 
   783  049B                     	;# 
   784  049C                     	;# 
   785  049D                     	;# 
   786  049E                     	;# 
   787  049F                     	;# 
   788  0611                     	;# 
   789  0612                     	;# 
   790  0613                     	;# 
   791  0613                     	;# 
   792  0614                     	;# 
   793  0615                     	;# 
   794  0616                     	;# 
   795  0616                     	;# 
   796  0617                     	;# 
   797  0618                     	;# 
   798  0619                     	;# 
   799  0619                     	;# 
   800  061A                     	;# 
   801  061B                     	;# 
   802  061C                     	;# 
   803  061C                     	;# 
   804  0691                     	;# 
   805  0692                     	;# 
   806  0693                     	;# 
   807  0694                     	;# 
   808  0695                     	;# 
   809  0F0F                     	;# 
   810  0F10                     	;# 
   811  0F11                     	;# 
   812  0F12                     	;# 
   813  0F13                     	;# 
   814  0F14                     	;# 
   815  0F15                     	;# 
   816  0F16                     	;# 
   817  0F17                     	;# 
   818  0F18                     	;# 
   819  0F19                     	;# 
   820  0F1A                     	;# 
   821  0F1B                     	;# 
   822  0F1C                     	;# 
   823  0F1D                     	;# 
   824  0F1E                     	;# 
   825  0F1F                     	;# 
   826  0FE3                     	;# 
   827  0FE4                     	;# 
   828  0FE5                     	;# 
   829  0FE6                     	;# 
   830  0FE7                     	;# 
   831  0FE8                     	;# 
   832  0FE9                     	;# 
   833  0FEA                     	;# 
   834  0FEB                     	;# 
   835  0FED                     	;# 
   836  0FEE                     	;# 
   837  0FEF                     	;# 
   838                           
   839                           	psect	idataCOMMON
   840  0752                     __pidataCOMMON:	
   841                           
   842                           ;initializer for main@channel
   843  0752  340A               	retlw	10
   844  001C                     _T2CONbits	set	28
   845  001C                     _T2CON	set	28
   846  0011                     _PIR1bits	set	17
   847  001A                     _TMR2	set	26
   848  001B                     _PR2	set	27
   849  0095                     _OPTION_REGbits	set	149
   850  008E                     _TRISC	set	142
   851  008D                     _TRISB	set	141
   852  008C                     _TRISA	set	140
   853  0097                     _WDTCON	set	151
   854  0099                     _OSCCON	set	153
   855  009D                     _ADCON0bits	set	157
   856  009C                     _ADRESH	set	156
   857  009B                     _ADRESL	set	155
   858  009F                     _ADCON2	set	159
   859  009E                     _ADCON1	set	158
   860  009D                     _ADCON0	set	157
   861  011D                     _APFCON	set	285
   862  010E                     _LATC	set	270
   863  010D                     _LATB	set	269
   864  010C                     _LATA	set	268
   865  0116                     _BORCON	set	278
   866  010D                     _LATBbits	set	269
   867  010E                     _LATCbits	set	270
   868  018C                     _ANSELA	set	396
   869  018D                     _ANSELB	set	397
   870  018E                     _ANSELC	set	398
   871  020C                     _WPUA	set	524
   872  020D                     _WPUB	set	525
   873  0617                     _PWM3DCL	set	1559
   874  0618                     _PWM3DCH	set	1560
   875  0619                     _PWM3CON	set	1561
   876                           
   877                           ; #config settings
   878  0000                     
   879                           	psect	cinit
   880  07F9                     start_initialization:	
   881  07F9                     __initialization:	
   882                           
   883                           ; Initialize objects allocated to COMMON
   884  07F9  3187  2752  3187   	fcall	__pidataCOMMON	;fetch initializer
   885  07FC  00F6               	movwf	__pdataCOMMON& (0+127)
   886                           
   887                           ; Clear objects allocated to COMMON
   888  07FD  01F5               	clrf	__pbssCOMMON& (0+127)
   889  07FE                     end_of_initialization:	
   890                           ;End of C runtime variable initialization code
   891                           
   892  07FE                     __end_of__initialization:	
   893  07FE  0020               	movlb	0
   894  07FF  2FD3               	ljmp	_main	;jump to C main() function
   895                           
   896                           	psect	bssCOMMON
   897  0075                     __pbssCOMMON:	
   898  0075                     main@mainState:	
   899  0075                     	ds	1
   900                           
   901                           	psect	dataCOMMON
   902  0076                     __pdataCOMMON:	
   903  0076                     main@channel:	
   904  0076                     	ds	1
   905                           
   906                           	psect	cstackCOMMON
   907  0070                     __pcstackCOMMON:	
   908  0070                     ?_SYSTEM_Initialize:	
   909  0070                     ??_SYSTEM_Initialize:	
   910                           ; 1 bytes @ 0x0
   911                           
   912  0070                     ?_PWM3_LoadDutyValue:	
   913                           ; 1 bytes @ 0x0
   914                           
   915  0070                     ?_PIN_MANAGER_Initialize:	
   916                           ; 1 bytes @ 0x0
   917                           
   918  0070                     ??_PIN_MANAGER_Initialize:	
   919                           ; 1 bytes @ 0x0
   920                           
   921  0070                     ?_OSCILLATOR_Initialize:	
   922                           ; 1 bytes @ 0x0
   923                           
   924  0070                     ??_OSCILLATOR_Initialize:	
   925                           ; 1 bytes @ 0x0
   926                           
   927  0070                     ?_WDT_Initialize:	
   928                           ; 1 bytes @ 0x0
   929                           
   930  0070                     ??_WDT_Initialize:	
   931                           ; 1 bytes @ 0x0
   932                           
   933  0070                     ?_PWM3_Initialize:	
   934                           ; 1 bytes @ 0x0
   935                           
   936  0070                     ??_PWM3_Initialize:	
   937                           ; 1 bytes @ 0x0
   938                           
   939  0070                     ?_TMR2_Initialize:	
   940                           ; 1 bytes @ 0x0
   941                           
   942  0070                     ??_TMR2_Initialize:	
   943                           ; 1 bytes @ 0x0
   944                           
   945  0070                     ?_ADC_Initialize:	
   946                           ; 1 bytes @ 0x0
   947                           
   948  0070                     ??_ADC_Initialize:	
   949                           ; 1 bytes @ 0x0
   950                           
   951  0070                     ?_ADC_SelectChannel:	
   952                           ; 1 bytes @ 0x0
   953                           
   954  0070                     ??_ADC_SelectChannel:	
   955                           ; 1 bytes @ 0x0
   956                           
   957  0070                     ?_ADC_StartConversion:	
   958                           ; 1 bytes @ 0x0
   959                           
   960  0070                     ??_ADC_StartConversion:	
   961                           ; 1 bytes @ 0x0
   962                           
   963  0070                     ?_ADC_IsConversionDone:	
   964                           ; 1 bytes @ 0x0
   965                           
   966  0070                     ??_ADC_IsConversionDone:	
   967                           ; 1 bytes @ 0x0
   968                           
   969  0070                     ?_main:	
   970                           ; 1 bytes @ 0x0
   971                           
   972  0070                     ?_ADC_GetConversionResult:	
   973                           ; 1 bytes @ 0x0
   974                           
   975  0070                     PWM3_LoadDutyValue@dutyValue:	
   976                           ; 2 bytes @ 0x0
   977                           
   978                           
   979                           ; 2 bytes @ 0x0
   980  0070                     	ds	1
   981  0071                     ADC_SelectChannel@channel:	
   982                           
   983                           ; 1 bytes @ 0x1
   984  0071                     	ds	1
   985  0072                     ??_PWM3_LoadDutyValue:	
   986  0072                     ??_ADC_GetConversionResult:	
   987                           ; 1 bytes @ 0x2
   988                           
   989                           
   990                           ; 1 bytes @ 0x2
   991  0072                     	ds	2
   992  0074                     ??_main:	
   993                           
   994                           ; 1 bytes @ 0x4
   995  0074                     	ds	1
   996                           
   997                           	psect	maintext
   998  07D3                     __pmaintext:	
   999 ;;
  1000 ;;Main: autosize = 0, tempsize = 1, incstack = 0, save=0
  1001 ;;
  1002 ;; *************** function _main *****************
  1003 ;; Defined at:
  1004 ;;		line 56 in file "main.c"
  1005 ;; Parameters:    Size  Location     Type
  1006 ;;		None
  1007 ;; Auto vars:     Size  Location     Type
  1008 ;;  adcValue        2    0        unsigned short 
  1009 ;; Return value:  Size  Location     Type
  1010 ;;                  1    wreg      void 
  1011 ;; Registers used:
  1012 ;;		wreg, status,2, status,0, pclath, cstack
  1013 ;; Tracked objects:
  1014 ;;		On entry : B1F/0
  1015 ;;		On exit  : 0/0
  1016 ;;		Unchanged: 0/0
  1017 ;; Data sizes:     COMMON   BANK0   BANK1
  1018 ;;      Params:         0       0       0
  1019 ;;      Locals:         2       0       0
  1020 ;;      Temps:          1       0       0
  1021 ;;      Totals:         3       0       0
  1022 ;;Total ram usage:        3 bytes
  1023 ;; Hardware stack levels required when called:    2
  1024 ;; This function calls:
  1025 ;;		_ADC_GetConversionResult
  1026 ;;		_ADC_IsConversionDone
  1027 ;;		_ADC_SelectChannel
  1028 ;;		_ADC_StartConversion
  1029 ;;		_PWM3_LoadDutyValue
  1030 ;;		_SYSTEM_Initialize
  1031 ;; This function is called by:
  1032 ;;		Startup code after reset
  1033 ;; This function uses a non-reentrant model
  1034 ;;
  1035                           
  1036                           
  1037                           ;psect for function _main
  1038  07D3                     _main:	
  1039  07D3                     l867:	
  1040                           ;incstack = 0
  1041                           ; Regs used in _main: [wreg+status,2+status,0+pclath+cstack]
  1042                           
  1043                           
  1044                           ;main.c: 59:     SYSTEM_Initialize();
  1045  07D3  3187  2792  3187   	fcall	_SYSTEM_Initialize
  1046  07D6                     l869:	
  1047                           
  1048                           ;main.c: 79:     {;main.c: 80:         static adc_channel_t channel = channelBrightness;
      +                          ;main.c: 84:         if(channel == channelBrightness)
  1049  07D6  300A               	movlw	10
  1050  07D7  0676               	xorwf	main@channel,w
  1051  07D8  1D03               	btfss	3,2
  1052  07D9  2FDB               	goto	u71
  1053  07DA  2FDC               	goto	u70
  1054  07DB                     u71:	
  1055  07DB  2FE1               	goto	l873
  1056  07DC                     u70:	
  1057  07DC                     l871:	
  1058                           
  1059                           ;main.c: 85:         {;main.c: 86:             channel = channelRudder;
  1060  07DC  3003               	movlw	3
  1061  07DD  00F4               	movwf	??_main
  1062  07DE  0874               	movf	??_main,w
  1063  07DF  00F6               	movwf	main@channel
  1064                           
  1065                           ;main.c: 87:         }
  1066  07E0  2FE5               	goto	l875
  1067  07E1                     l873:	
  1068                           
  1069                           ;main.c: 89:         {;main.c: 90:             channel = channelBrightness;
  1070  07E1  300A               	movlw	10
  1071  07E2  00F4               	movwf	??_main
  1072  07E3  0874               	movf	??_main,w
  1073  07E4  00F6               	movwf	main@channel
  1074  07E5                     l875:	
  1075                           
  1076                           ;main.c: 95:         ADC_SelectChannel(channel);
  1077  07E5  0876               	movf	main@channel,w
  1078  07E6  3187  2785  3187   	fcall	_ADC_SelectChannel
  1079                           
  1080                           ;main.c: 96:         ADC_StartConversion();
  1081  07E9  3187  2753  3187   	fcall	_ADC_StartConversion
  1082  07EC                     l877:	
  1083                           ;main.c: 97:         while(!ADC_IsConversionDone());
  1084                           
  1085  07EC  3187  2766  3187   	fcall	_ADC_IsConversionDone
  1086  07EF  3A00               	xorlw	0
  1087  07F0  1903               	skipnz
  1088  07F1  2FF3               	goto	u81
  1089  07F2  2FF4               	goto	u80
  1090  07F3                     u81:	
  1091  07F3  2FEC               	goto	l877
  1092  07F4                     u80:	
  1093  07F4                     l879:	
  1094  07F4  3187  275A  3187   	fcall	_ADC_GetConversionResult
  1095                           
  1096                           ;main.c: 100:         switch(mainState)
  1097  07F7  2FD6               	goto	l869
  1098  07F8  2801               	ljmp	start
  1099  07F9                     __end_of_main:	
  1100                           
  1101                           	psect	text1
  1102  0792                     __ptext1:	
  1103 ;; *************** function _SYSTEM_Initialize *****************
  1104 ;; Defined at:
  1105 ;;		line 50 in file "mcc_generated_files/mcc.c"
  1106 ;; Parameters:    Size  Location     Type
  1107 ;;		None
  1108 ;; Auto vars:     Size  Location     Type
  1109 ;;		None
  1110 ;; Return value:  Size  Location     Type
  1111 ;;                  1    wreg      void 
  1112 ;; Registers used:
  1113 ;;		wreg, status,2, status,0, pclath, cstack
  1114 ;; Tracked objects:
  1115 ;;		On entry : 0/0
  1116 ;;		On exit  : 0/0
  1117 ;;		Unchanged: 0/0
  1118 ;; Data sizes:     COMMON   BANK0   BANK1
  1119 ;;      Params:         0       0       0
  1120 ;;      Locals:         0       0       0
  1121 ;;      Temps:          0       0       0
  1122 ;;      Totals:         0       0       0
  1123 ;;Total ram usage:        0 bytes
  1124 ;; Hardware stack levels used:    1
  1125 ;; Hardware stack levels required when called:    1
  1126 ;; This function calls:
  1127 ;;		_ADC_Initialize
  1128 ;;		_OSCILLATOR_Initialize
  1129 ;;		_PIN_MANAGER_Initialize
  1130 ;;		_PWM3_Initialize
  1131 ;;		_TMR2_Initialize
  1132 ;;		_WDT_Initialize
  1133 ;; This function is called by:
  1134 ;;		_main
  1135 ;; This function uses a non-reentrant model
  1136 ;;
  1137                           
  1138                           
  1139                           ;psect for function _SYSTEM_Initialize
  1140  0792                     _SYSTEM_Initialize:	
  1141  0792                     l803:	
  1142                           ;incstack = 0
  1143                           ; Regs used in _SYSTEM_Initialize: [wreg+status,2+status,0+pclath+cstack]
  1144                           
  1145                           
  1146                           ;mcc_generated_files/mcc.c: 53:     PIN_MANAGER_Initialize();
  1147  0792  3187  27BB  3187   	fcall	_PIN_MANAGER_Initialize
  1148                           
  1149                           ;mcc_generated_files/mcc.c: 54:     OSCILLATOR_Initialize();
  1150  0795  3187  2760  3187   	fcall	_OSCILLATOR_Initialize
  1151                           
  1152                           ;mcc_generated_files/mcc.c: 55:     WDT_Initialize();
  1153  0798  3187  2756  3187   	fcall	_WDT_Initialize
  1154                           
  1155                           ;mcc_generated_files/mcc.c: 56:     PWM3_Initialize();
  1156  079B  3187  2775  3187   	fcall	_PWM3_Initialize
  1157                           
  1158                           ;mcc_generated_files/mcc.c: 57:     TMR2_Initialize();
  1159  079E  3187  277D  3187   	fcall	_TMR2_Initialize
  1160                           
  1161                           ;mcc_generated_files/mcc.c: 58:     ADC_Initialize();
  1162  07A1  3187  276D  3187   	fcall	_ADC_Initialize
  1163  07A4                     l143:	
  1164  07A4  0008               	return
  1165  07A5                     __end_of_SYSTEM_Initialize:	
  1166                           
  1167                           	psect	text2
  1168  0756                     __ptext2:	
  1169 ;; *************** function _WDT_Initialize *****************
  1170 ;; Defined at:
  1171 ;;		line 69 in file "mcc_generated_files/mcc.c"
  1172 ;; Parameters:    Size  Location     Type
  1173 ;;		None
  1174 ;; Auto vars:     Size  Location     Type
  1175 ;;		None
  1176 ;; Return value:  Size  Location     Type
  1177 ;;                  1    wreg      void 
  1178 ;; Registers used:
  1179 ;;		wreg
  1180 ;; Tracked objects:
  1181 ;;		On entry : 0/0
  1182 ;;		On exit  : 0/0
  1183 ;;		Unchanged: 0/0
  1184 ;; Data sizes:     COMMON   BANK0   BANK1
  1185 ;;      Params:         0       0       0
  1186 ;;      Locals:         0       0       0
  1187 ;;      Temps:          0       0       0
  1188 ;;      Totals:         0       0       0
  1189 ;;Total ram usage:        0 bytes
  1190 ;; Hardware stack levels used:    1
  1191 ;; This function calls:
  1192 ;;		Nothing
  1193 ;; This function is called by:
  1194 ;;		_SYSTEM_Initialize
  1195 ;; This function uses a non-reentrant model
  1196 ;;
  1197                           
  1198                           
  1199                           ;psect for function _WDT_Initialize
  1200  0756                     _WDT_Initialize:	
  1201  0756                     l777:	
  1202                           ;incstack = 0
  1203                           ; Regs used in _WDT_Initialize: [wreg]
  1204                           
  1205                           
  1206                           ;mcc_generated_files/mcc.c: 72:     WDTCON = 0x16;
  1207  0756  3016               	movlw	22
  1208  0757  0021               	movlb	1	; select bank1
  1209  0758  0097               	movwf	23	;volatile
  1210  0759                     l149:	
  1211  0759  0008               	return
  1212  075A                     __end_of_WDT_Initialize:	
  1213                           
  1214                           	psect	text3
  1215  077D                     __ptext3:	
  1216 ;; *************** function _TMR2_Initialize *****************
  1217 ;; Defined at:
  1218 ;;		line 62 in file "mcc_generated_files/tmr2.c"
  1219 ;; Parameters:    Size  Location     Type
  1220 ;;		None
  1221 ;; Auto vars:     Size  Location     Type
  1222 ;;		None
  1223 ;; Return value:  Size  Location     Type
  1224 ;;                  1    wreg      void 
  1225 ;; Registers used:
  1226 ;;		wreg, status,2
  1227 ;; Tracked objects:
  1228 ;;		On entry : 0/0
  1229 ;;		On exit  : 0/0
  1230 ;;		Unchanged: 0/0
  1231 ;; Data sizes:     COMMON   BANK0   BANK1
  1232 ;;      Params:         0       0       0
  1233 ;;      Locals:         0       0       0
  1234 ;;      Temps:          0       0       0
  1235 ;;      Totals:         0       0       0
  1236 ;;Total ram usage:        0 bytes
  1237 ;; Hardware stack levels used:    1
  1238 ;; This function calls:
  1239 ;;		Nothing
  1240 ;; This function is called by:
  1241 ;;		_SYSTEM_Initialize
  1242 ;; This function uses a non-reentrant model
  1243 ;;
  1244                           
  1245                           
  1246                           ;psect for function _TMR2_Initialize
  1247  077D                     _TMR2_Initialize:	
  1248  077D                     l781:	
  1249                           ;incstack = 0
  1250                           ; Regs used in _TMR2_Initialize: [wreg+status,2]
  1251                           
  1252                           
  1253                           ;mcc_generated_files/tmr2.c: 67:     PR2 = 0xFF;
  1254  077D  30FF               	movlw	255
  1255  077E  0020               	movlb	0	; select bank0
  1256  077F  009B               	movwf	27	;volatile
  1257  0780                     l783:	
  1258                           
  1259                           ;mcc_generated_files/tmr2.c: 70:     TMR2 = 0x00;
  1260  0780  019A               	clrf	26	;volatile
  1261  0781                     l785:	
  1262                           
  1263                           ;mcc_generated_files/tmr2.c: 73:     PIR1bits.TMR2IF = 0;
  1264  0781  1091               	bcf	17,1	;volatile
  1265  0782                     l787:	
  1266                           
  1267                           ;mcc_generated_files/tmr2.c: 76:     T2CON = 0x04;
  1268  0782  3004               	movlw	4
  1269  0783  009C               	movwf	28	;volatile
  1270  0784                     l206:	
  1271  0784  0008               	return
  1272  0785                     __end_of_TMR2_Initialize:	
  1273                           
  1274                           	psect	text4
  1275  0775                     __ptext4:	
  1276 ;; *************** function _PWM3_Initialize *****************
  1277 ;; Defined at:
  1278 ;;		line 58 in file "mcc_generated_files/pwm3.c"
  1279 ;; Parameters:    Size  Location     Type
  1280 ;;		None
  1281 ;; Auto vars:     Size  Location     Type
  1282 ;;		None
  1283 ;; Return value:  Size  Location     Type
  1284 ;;                  1    wreg      void 
  1285 ;; Registers used:
  1286 ;;		wreg
  1287 ;; Tracked objects:
  1288 ;;		On entry : 0/0
  1289 ;;		On exit  : 0/0
  1290 ;;		Unchanged: 0/0
  1291 ;; Data sizes:     COMMON   BANK0   BANK1
  1292 ;;      Params:         0       0       0
  1293 ;;      Locals:         0       0       0
  1294 ;;      Temps:          0       0       0
  1295 ;;      Totals:         0       0       0
  1296 ;;Total ram usage:        0 bytes
  1297 ;; Hardware stack levels used:    1
  1298 ;; This function calls:
  1299 ;;		Nothing
  1300 ;; This function is called by:
  1301 ;;		_SYSTEM_Initialize
  1302 ;; This function uses a non-reentrant model
  1303 ;;
  1304                           
  1305                           
  1306                           ;psect for function _PWM3_Initialize
  1307  0775                     _PWM3_Initialize:	
  1308  0775                     l779:	
  1309                           ;incstack = 0
  1310                           ; Regs used in _PWM3_Initialize: [wreg]
  1311                           
  1312                           
  1313                           ;mcc_generated_files/pwm3.c: 62:     PWM3CON = 0xC0;
  1314  0775  30C0               	movlw	192
  1315  0776  002C               	movlb	12	; select bank12
  1316  0777  0099               	movwf	25	;volatile
  1317                           
  1318                           ;mcc_generated_files/pwm3.c: 65:     PWM3DCH = 0x7F;
  1319  0778  307F               	movlw	127
  1320  0779  0098               	movwf	24	;volatile
  1321                           
  1322                           ;mcc_generated_files/pwm3.c: 68:     PWM3DCL = 0xC0;
  1323  077A  30C0               	movlw	192
  1324  077B  0097               	movwf	23	;volatile
  1325  077C                     l190:	
  1326  077C  0008               	return
  1327  077D                     __end_of_PWM3_Initialize:	
  1328                           
  1329                           	psect	text5
  1330  07BB                     __ptext5:	
  1331 ;; *************** function _PIN_MANAGER_Initialize *****************
  1332 ;; Defined at:
  1333 ;;		line 55 in file "mcc_generated_files/pin_manager.c"
  1334 ;; Parameters:    Size  Location     Type
  1335 ;;		None
  1336 ;; Auto vars:     Size  Location     Type
  1337 ;;		None
  1338 ;; Return value:  Size  Location     Type
  1339 ;;                  1    wreg      void 
  1340 ;; Registers used:
  1341 ;;		wreg, status,2
  1342 ;; Tracked objects:
  1343 ;;		On entry : 0/0
  1344 ;;		On exit  : 0/0
  1345 ;;		Unchanged: 0/0
  1346 ;; Data sizes:     COMMON   BANK0   BANK1
  1347 ;;      Params:         0       0       0
  1348 ;;      Locals:         0       0       0
  1349 ;;      Temps:          0       0       0
  1350 ;;      Totals:         0       0       0
  1351 ;;Total ram usage:        0 bytes
  1352 ;; Hardware stack levels used:    1
  1353 ;; This function calls:
  1354 ;;		Nothing
  1355 ;; This function is called by:
  1356 ;;		_SYSTEM_Initialize
  1357 ;; This function uses a non-reentrant model
  1358 ;;
  1359                           
  1360                           
  1361                           ;psect for function _PIN_MANAGER_Initialize
  1362  07BB                     _PIN_MANAGER_Initialize:	
  1363  07BB                     l761:	
  1364                           ;incstack = 0
  1365                           ; Regs used in _PIN_MANAGER_Initialize: [wreg+status,2]
  1366                           
  1367                           
  1368                           ;mcc_generated_files/pin_manager.c: 60:     LATA = 0x00;
  1369  07BB  0022               	movlb	2	; select bank2
  1370  07BC  018C               	clrf	12	;volatile
  1371                           
  1372                           ;mcc_generated_files/pin_manager.c: 61:     LATB = 0x00;
  1373  07BD  018D               	clrf	13	;volatile
  1374                           
  1375                           ;mcc_generated_files/pin_manager.c: 62:     LATC = 0x00;
  1376  07BE  018E               	clrf	14	;volatile
  1377  07BF                     l763:	
  1378                           
  1379                           ;mcc_generated_files/pin_manager.c: 67:     TRISA = 0x3B;
  1380  07BF  303B               	movlw	59
  1381  07C0  0021               	movlb	1	; select bank1
  1382  07C1  008C               	movwf	12	;volatile
  1383  07C2                     l765:	
  1384                           
  1385                           ;mcc_generated_files/pin_manager.c: 68:     TRISB = 0x10;
  1386  07C2  3010               	movlw	16
  1387  07C3  008D               	movwf	13	;volatile
  1388                           
  1389                           ;mcc_generated_files/pin_manager.c: 69:     TRISC = 0x00;
  1390  07C4  018E               	clrf	14	;volatile
  1391                           
  1392                           ;mcc_generated_files/pin_manager.c: 74:     ANSELC = 0x00;
  1393  07C5  0023               	movlb	3	; select bank3
  1394  07C6  018E               	clrf	14	;volatile
  1395  07C7                     l767:	
  1396                           
  1397                           ;mcc_generated_files/pin_manager.c: 75:     ANSELB = 0x30;
  1398  07C7  3030               	movlw	48
  1399  07C8  008D               	movwf	13	;volatile
  1400  07C9                     l769:	
  1401                           
  1402                           ;mcc_generated_files/pin_manager.c: 76:     ANSELA = 0x17;
  1403  07C9  3017               	movlw	23
  1404  07CA  008C               	movwf	12	;volatile
  1405                           
  1406                           ;mcc_generated_files/pin_manager.c: 81:     WPUB = 0x00;
  1407  07CB  0024               	movlb	4	; select bank4
  1408  07CC  018D               	clrf	13	;volatile
  1409                           
  1410                           ;mcc_generated_files/pin_manager.c: 82:     WPUA = 0x00;
  1411  07CD  018C               	clrf	12	;volatile
  1412  07CE                     l771:	
  1413                           
  1414                           ;mcc_generated_files/pin_manager.c: 83:     OPTION_REGbits.nWPUEN = 1;
  1415  07CE  0021               	movlb	1	; select bank1
  1416  07CF  1795               	bsf	21,7	;volatile
  1417                           
  1418                           ;mcc_generated_files/pin_manager.c: 89:     APFCON = 0x00;
  1419  07D0  0022               	movlb	2	; select bank2
  1420  07D1  019D               	clrf	29	;volatile
  1421  07D2                     l178:	
  1422  07D2  0008               	return
  1423  07D3                     __end_of_PIN_MANAGER_Initialize:	
  1424                           
  1425                           	psect	text6
  1426  0760                     __ptext6:	
  1427 ;; *************** function _OSCILLATOR_Initialize *****************
  1428 ;; Defined at:
  1429 ;;		line 61 in file "mcc_generated_files/mcc.c"
  1430 ;; Parameters:    Size  Location     Type
  1431 ;;		None
  1432 ;; Auto vars:     Size  Location     Type
  1433 ;;		None
  1434 ;; Return value:  Size  Location     Type
  1435 ;;                  1    wreg      void 
  1436 ;; Registers used:
  1437 ;;		wreg, status,2
  1438 ;; Tracked objects:
  1439 ;;		On entry : 0/0
  1440 ;;		On exit  : 0/0
  1441 ;;		Unchanged: 0/0
  1442 ;; Data sizes:     COMMON   BANK0   BANK1
  1443 ;;      Params:         0       0       0
  1444 ;;      Locals:         0       0       0
  1445 ;;      Temps:          0       0       0
  1446 ;;      Totals:         0       0       0
  1447 ;;Total ram usage:        0 bytes
  1448 ;; Hardware stack levels used:    1
  1449 ;; This function calls:
  1450 ;;		Nothing
  1451 ;; This function is called by:
  1452 ;;		_SYSTEM_Initialize
  1453 ;; This function uses a non-reentrant model
  1454 ;;
  1455                           
  1456                           
  1457                           ;psect for function _OSCILLATOR_Initialize
  1458  0760                     _OSCILLATOR_Initialize:	
  1459  0760                     l773:	
  1460                           ;incstack = 0
  1461                           ; Regs used in _OSCILLATOR_Initialize: [wreg+status,2]
  1462                           
  1463                           
  1464                           ;mcc_generated_files/mcc.c: 64:     OSCCON = 0x38;
  1465  0760  3038               	movlw	56
  1466  0761  0021               	movlb	1	; select bank1
  1467  0762  0099               	movwf	25	;volatile
  1468  0763                     l775:	
  1469                           
  1470                           ;mcc_generated_files/mcc.c: 66:     BORCON = 0x00;
  1471  0763  0022               	movlb	2	; select bank2
  1472  0764  0196               	clrf	22	;volatile
  1473  0765                     l146:	
  1474  0765  0008               	return
  1475  0766                     __end_of_OSCILLATOR_Initialize:	
  1476                           
  1477                           	psect	text7
  1478  076D                     __ptext7:	
  1479 ;; *************** function _ADC_Initialize *****************
  1480 ;; Defined at:
  1481 ;;		line 65 in file "mcc_generated_files/adc.c"
  1482 ;; Parameters:    Size  Location     Type
  1483 ;;		None
  1484 ;; Auto vars:     Size  Location     Type
  1485 ;;		None
  1486 ;; Return value:  Size  Location     Type
  1487 ;;                  1    wreg      void 
  1488 ;; Registers used:
  1489 ;;		wreg, status,2
  1490 ;; Tracked objects:
  1491 ;;		On entry : 0/0
  1492 ;;		On exit  : 0/0
  1493 ;;		Unchanged: 0/0
  1494 ;; Data sizes:     COMMON   BANK0   BANK1
  1495 ;;      Params:         0       0       0
  1496 ;;      Locals:         0       0       0
  1497 ;;      Temps:          0       0       0
  1498 ;;      Totals:         0       0       0
  1499 ;;Total ram usage:        0 bytes
  1500 ;; Hardware stack levels used:    1
  1501 ;; This function calls:
  1502 ;;		Nothing
  1503 ;; This function is called by:
  1504 ;;		_SYSTEM_Initialize
  1505 ;; This function uses a non-reentrant model
  1506 ;;
  1507                           
  1508                           
  1509                           ;psect for function _ADC_Initialize
  1510  076D                     _ADC_Initialize:	
  1511  076D                     l751:	
  1512                           ;incstack = 0
  1513                           ; Regs used in _ADC_Initialize: [wreg+status,2]
  1514                           
  1515                           
  1516                           ;mcc_generated_files/adc.c: 70:     ADCON0 = 0x01;
  1517  076D  3001               	movlw	1
  1518  076E  0021               	movlb	1	; select bank1
  1519  076F  009D               	movwf	29	;volatile
  1520  0770                     l753:	
  1521                           
  1522                           ;mcc_generated_files/adc.c: 73:     ADCON1 = 0x00;
  1523  0770  019E               	clrf	30	;volatile
  1524  0771                     l755:	
  1525                           
  1526                           ;mcc_generated_files/adc.c: 76:     ADCON2 = 0x00;
  1527  0771  019F               	clrf	31	;volatile
  1528  0772                     l757:	
  1529                           
  1530                           ;mcc_generated_files/adc.c: 79:     ADRESL = 0x00;
  1531  0772  019B               	clrf	27	;volatile
  1532  0773                     l759:	
  1533                           
  1534                           ;mcc_generated_files/adc.c: 82:     ADRESH = 0x00;
  1535  0773  019C               	clrf	28	;volatile
  1536  0774                     l17:	
  1537  0774  0008               	return
  1538  0775                     __end_of_ADC_Initialize:	
  1539                           
  1540                           	psect	text8
  1541  07A5                     __ptext8:	
  1542 ;; *************** function _PWM3_LoadDutyValue *****************
  1543 ;; Defined at:
  1544 ;;		line 72 in file "mcc_generated_files/pwm3.c"
  1545 ;; Parameters:    Size  Location     Type
  1546 ;;  dutyValue       2    0[COMMON] unsigned short 
  1547 ;; Auto vars:     Size  Location     Type
  1548 ;;		None
  1549 ;; Return value:  Size  Location     Type
  1550 ;;                  1    wreg      void 
  1551 ;; Registers used:
  1552 ;;		wreg, status,2, status,0
  1553 ;; Tracked objects:
  1554 ;;		On entry : 0/0
  1555 ;;		On exit  : 0/0
  1556 ;;		Unchanged: 0/0
  1557 ;; Data sizes:     COMMON   BANK0   BANK1
  1558 ;;      Params:         2       0       0
  1559 ;;      Locals:         0       0       0
  1560 ;;      Temps:          2       0       0
  1561 ;;      Totals:         4       0       0
  1562 ;;Total ram usage:        4 bytes
  1563 ;; Hardware stack levels used:    1
  1564 ;; This function calls:
  1565 ;;		Nothing
  1566 ;; This function is called by:
  1567 ;;		_main
  1568 ;; This function uses a non-reentrant model
  1569 ;;
  1570                           
  1571                           
  1572                           ;psect for function _PWM3_LoadDutyValue
  1573  07A5                     _PWM3_LoadDutyValue:	
  1574  07A5                     l865:	
  1575                           ;incstack = 0
  1576                           ; Regs used in _PWM3_LoadDutyValue: [wreg+status,2+status,0]
  1577                           
  1578                           
  1579                           ;mcc_generated_files/pwm3.c: 72:  void PWM3_LoadDutyValue(uint16_t dutyValue);mcc_genera
      +                          ted_files/pwm3.c: 73:  {;mcc_generated_files/pwm3.c: 75:      PWM3DCH = (dutyValue & 0x0
      +                          3FC)>>2;
  1580  07A5  0871               	movf	PWM3_LoadDutyValue@dutyValue+1,w
  1581  07A6  00F3               	movwf	??_PWM3_LoadDutyValue+1
  1582  07A7  0870               	movf	PWM3_LoadDutyValue@dutyValue,w
  1583  07A8  00F2               	movwf	??_PWM3_LoadDutyValue
  1584  07A9  36F3               	lsrf	??_PWM3_LoadDutyValue+1,f
  1585  07AA  0CF2               	rrf	??_PWM3_LoadDutyValue,f
  1586  07AB  36F3               	lsrf	??_PWM3_LoadDutyValue+1,f
  1587  07AC  0CF2               	rrf	??_PWM3_LoadDutyValue,f
  1588  07AD  0872               	movf	??_PWM3_LoadDutyValue,w
  1589  07AE  002C               	movlb	12	; select bank12
  1590  07AF  0098               	movwf	24	;volatile
  1591                           
  1592                           ;mcc_generated_files/pwm3.c: 78:      PWM3DCL = (dutyValue & 0x0003)<<6;
  1593  07B0  0870               	movf	PWM3_LoadDutyValue@dutyValue,w
  1594  07B1  3903               	andlw	3
  1595  07B2  00F2               	movwf	??_PWM3_LoadDutyValue
  1596  07B3  3005               	movlw	5
  1597  07B4                     u65:	
  1598  07B4  35F2               	lslf	??_PWM3_LoadDutyValue,f
  1599  07B5  3EFF               	addlw	-1
  1600  07B6  1D03               	skipz
  1601  07B7  2FB4               	goto	u65
  1602  07B8  3572               	lslf	??_PWM3_LoadDutyValue,w
  1603  07B9  0097               	movwf	23	;volatile
  1604  07BA                     l193:	
  1605  07BA  0008               	return
  1606  07BB                     __end_of_PWM3_LoadDutyValue:	
  1607                           
  1608                           	psect	text9
  1609  0753                     __ptext9:	
  1610 ;; *************** function _ADC_StartConversion *****************
  1611 ;; Defined at:
  1612 ;;		line 94 in file "mcc_generated_files/adc.c"
  1613 ;; Parameters:    Size  Location     Type
  1614 ;;		None
  1615 ;; Auto vars:     Size  Location     Type
  1616 ;;		None
  1617 ;; Return value:  Size  Location     Type
  1618 ;;                  1    wreg      void 
  1619 ;; Registers used:
  1620 ;;		None
  1621 ;; Tracked objects:
  1622 ;;		On entry : 0/0
  1623 ;;		On exit  : 0/0
  1624 ;;		Unchanged: 0/0
  1625 ;; Data sizes:     COMMON   BANK0   BANK1
  1626 ;;      Params:         0       0       0
  1627 ;;      Locals:         0       0       0
  1628 ;;      Temps:          0       0       0
  1629 ;;      Totals:         0       0       0
  1630 ;;Total ram usage:        0 bytes
  1631 ;; Hardware stack levels used:    1
  1632 ;; This function calls:
  1633 ;;		Nothing
  1634 ;; This function is called by:
  1635 ;;		_main
  1636 ;; This function uses a non-reentrant model
  1637 ;;
  1638                           
  1639                           
  1640                           ;psect for function _ADC_StartConversion
  1641  0753                     _ADC_StartConversion:	
  1642  0753                     l793:	
  1643                           ;incstack = 0
  1644                           ; Regs used in _ADC_StartConversion: []
  1645                           
  1646                           
  1647                           ;mcc_generated_files/adc.c: 97:     ADCON0bits.GO_nDONE = 1;
  1648  0753  0021               	movlb	1	; select bank1
  1649  0754  149D               	bsf	29,1	;volatile
  1650  0755                     l23:	
  1651  0755  0008               	return
  1652  0756                     __end_of_ADC_StartConversion:	
  1653                           
  1654                           	psect	text10
  1655  0785                     __ptext10:	
  1656 ;; *************** function _ADC_SelectChannel *****************
  1657 ;; Defined at:
  1658 ;;		line 86 in file "mcc_generated_files/adc.c"
  1659 ;; Parameters:    Size  Location     Type
  1660 ;;  channel         1    wreg     enum E2336
  1661 ;; Auto vars:     Size  Location     Type
  1662 ;;  channel         1    1[COMMON] enum E2336
  1663 ;; Return value:  Size  Location     Type
  1664 ;;                  1    wreg      void 
  1665 ;; Registers used:
  1666 ;;		wreg, status,2, status,0
  1667 ;; Tracked objects:
  1668 ;;		On entry : 0/0
  1669 ;;		On exit  : 0/0
  1670 ;;		Unchanged: 0/0
  1671 ;; Data sizes:     COMMON   BANK0   BANK1
  1672 ;;      Params:         0       0       0
  1673 ;;      Locals:         1       0       0
  1674 ;;      Temps:          1       0       0
  1675 ;;      Totals:         2       0       0
  1676 ;;Total ram usage:        2 bytes
  1677 ;; Hardware stack levels used:    1
  1678 ;; This function calls:
  1679 ;;		Nothing
  1680 ;; This function is called by:
  1681 ;;		_main
  1682 ;; This function uses a non-reentrant model
  1683 ;;
  1684                           
  1685                           
  1686                           ;psect for function _ADC_SelectChannel
  1687  0785                     _ADC_SelectChannel:	
  1688                           
  1689                           ;incstack = 0
  1690                           ; Regs used in _ADC_SelectChannel: [wreg+status,2+status,0]
  1691                           ;ADC_SelectChannel@channel stored from wreg
  1692  0785  00F1               	movwf	ADC_SelectChannel@channel
  1693  0786                     l789:	
  1694                           
  1695                           ;mcc_generated_files/adc.c: 86: void ADC_SelectChannel(adc_channel_t channel);mcc_genera
      +                          ted_files/adc.c: 87: {;mcc_generated_files/adc.c: 89:     ADCON0bits.CHS = channel;
  1696  0786  0871               	movf	ADC_SelectChannel@channel,w
  1697  0787  00F0               	movwf	??_ADC_SelectChannel
  1698  0788  0DF0               	rlf	??_ADC_SelectChannel,f
  1699  0789  0DF0               	rlf	??_ADC_SelectChannel,f
  1700  078A  0021               	movlb	1	; select bank1
  1701  078B  081D               	movf	29,w	;volatile
  1702  078C  0670               	xorwf	??_ADC_SelectChannel,w
  1703  078D  3983               	andlw	-125
  1704  078E  0670               	xorwf	??_ADC_SelectChannel,w
  1705  078F  009D               	movwf	29	;volatile
  1706  0790                     l791:	
  1707                           
  1708                           ;mcc_generated_files/adc.c: 91:     ADCON0bits.ADON = 1;
  1709  0790  141D               	bsf	29,0	;volatile
  1710  0791                     l20:	
  1711  0791  0008               	return
  1712  0792                     __end_of_ADC_SelectChannel:	
  1713                           
  1714                           	psect	text11
  1715  0766                     __ptext11:	
  1716 ;; *************** function _ADC_IsConversionDone *****************
  1717 ;; Defined at:
  1718 ;;		line 101 in file "mcc_generated_files/adc.c"
  1719 ;; Parameters:    Size  Location     Type
  1720 ;;		None
  1721 ;; Auto vars:     Size  Location     Type
  1722 ;;		None
  1723 ;; Return value:  Size  Location     Type
  1724 ;;                  1    wreg      _Bool 
  1725 ;; Registers used:
  1726 ;;		wreg, status,0
  1727 ;; Tracked objects:
  1728 ;;		On entry : 0/0
  1729 ;;		On exit  : 0/0
  1730 ;;		Unchanged: 0/0
  1731 ;; Data sizes:     COMMON   BANK0   BANK1
  1732 ;;      Params:         0       0       0
  1733 ;;      Locals:         0       0       0
  1734 ;;      Temps:          0       0       0
  1735 ;;      Totals:         0       0       0
  1736 ;;Total ram usage:        0 bytes
  1737 ;; Hardware stack levels used:    1
  1738 ;; This function calls:
  1739 ;;		Nothing
  1740 ;; This function is called by:
  1741 ;;		_main
  1742 ;; This function uses a non-reentrant model
  1743 ;;
  1744                           
  1745                           
  1746                           ;psect for function _ADC_IsConversionDone
  1747  0766                     _ADC_IsConversionDone:	
  1748  0766                     l795:	
  1749                           ;incstack = 0
  1750                           ; Regs used in _ADC_IsConversionDone: [wreg+status,0]
  1751                           
  1752                           
  1753                           ;mcc_generated_files/adc.c: 104:    return ((_Bool)(!ADCON0bits.GO_nDONE));
  1754  0766  1003               	clrc
  1755  0767  0021               	movlb	1	; select bank1
  1756  0768  1C9D               	btfss	29,1	;volatile
  1757  0769  1403               	setc
  1758  076A  3000               	movlw	0
  1759  076B  3D09               	addwfc	9,w
  1760  076C                     l26:	
  1761  076C  0008               	return
  1762  076D                     __end_of_ADC_IsConversionDone:	
  1763                           
  1764                           	psect	text12
  1765  075A                     __ptext12:	
  1766 ;; *************** function _ADC_GetConversionResult *****************
  1767 ;; Defined at:
  1768 ;;		line 107 in file "mcc_generated_files/adc.c"
  1769 ;; Parameters:    Size  Location     Type
  1770 ;;		None
  1771 ;; Auto vars:     Size  Location     Type
  1772 ;;		None
  1773 ;; Return value:  Size  Location     Type
  1774 ;;                  2    0[COMMON] unsigned short 
  1775 ;; Registers used:
  1776 ;;		wreg
  1777 ;; Tracked objects:
  1778 ;;		On entry : 0/0
  1779 ;;		On exit  : 0/0
  1780 ;;		Unchanged: 0/0
  1781 ;; Data sizes:     COMMON   BANK0   BANK1
  1782 ;;      Params:         2       0       0
  1783 ;;      Locals:         0       0       0
  1784 ;;      Temps:          0       0       0
  1785 ;;      Totals:         2       0       0
  1786 ;;Total ram usage:        2 bytes
  1787 ;; Hardware stack levels used:    1
  1788 ;; This function calls:
  1789 ;;		Nothing
  1790 ;; This function is called by:
  1791 ;;		_main
  1792 ;; This function uses a non-reentrant model
  1793 ;;
  1794                           
  1795                           
  1796                           ;psect for function _ADC_GetConversionResult
  1797  075A                     _ADC_GetConversionResult:	
  1798  075A                     l861:	
  1799                           ;incstack = 0
  1800                           ; Regs used in _ADC_GetConversionResult: [wreg]
  1801                           
  1802                           
  1803                           ;mcc_generated_files/adc.c: 110:     return ((adc_result_t)((ADRESH << 8) + ADRESL));
  1804  075A  0021               	movlb	1	; select bank1
  1805  075B  081C               	movf	28,w	;volatile
  1806  075C  00F1               	movwf	?_ADC_GetConversionResult+1
  1807  075D  081B               	movf	27,w	;volatile
  1808  075E  00F0               	movwf	?_ADC_GetConversionResult
  1809  075F                     l29:	
  1810  075F  0008               	return
  1811  0760                     __end_of_ADC_GetConversionResult:	
  1812  007E                     btemp	set	126	;btemp
  1813  007E                     wtemp0	set	126


Data Sizes:
    Strings     0
    Constant    0
    Data        1
    BSS         1
    Persistent  32
    Stack       0

Auto Spaces:
    Space          Size  Autos    Used
    COMMON           14      7       9
    BANK0            80      0       0
    BANK1            32      0       0

Pointer List with Targets:

    None.

Critical Paths under _main in COMMON

    _main->_PWM3_LoadDutyValue

Critical Paths under _main in BANK0

    None.

Critical Paths under _main in BANK1

    None.

Call Graph Tables:

 ---------------------------------------------------------------------------------
 (Depth) Function   	        Calls       Base Space   Used Autos Params    Refs
 ---------------------------------------------------------------------------------
 (0) _main                                                 3     3      0     158
                                              4 COMMON     3     3      0
            _ADC_GetConversionResult
               _ADC_IsConversionDone
                  _ADC_SelectChannel
                _ADC_StartConversion
                 _PWM3_LoadDutyValue
                  _SYSTEM_Initialize
 ---------------------------------------------------------------------------------
 (1) _SYSTEM_Initialize                                    0     0      0       0
                     _ADC_Initialize
              _OSCILLATOR_Initialize
             _PIN_MANAGER_Initialize
                    _PWM3_Initialize
                    _TMR2_Initialize
                     _WDT_Initialize
 ---------------------------------------------------------------------------------
 (2) _WDT_Initialize                                       0     0      0       0
 ---------------------------------------------------------------------------------
 (2) _TMR2_Initialize                                      0     0      0       0
 ---------------------------------------------------------------------------------
 (2) _PWM3_Initialize                                      0     0      0       0
 ---------------------------------------------------------------------------------
 (2) _PIN_MANAGER_Initialize                               0     0      0       0
 ---------------------------------------------------------------------------------
 (2) _OSCILLATOR_Initialize                                0     0      0       0
 ---------------------------------------------------------------------------------
 (2) _ADC_Initialize                                       0     0      0       0
 ---------------------------------------------------------------------------------
 (1) _PWM3_LoadDutyValue                                   4     2      2     120
                                              0 COMMON     4     2      2
 ---------------------------------------------------------------------------------
 (1) _ADC_StartConversion                                  0     0      0       0
 ---------------------------------------------------------------------------------
 (1) _ADC_SelectChannel                                    2     2      0      15
                                              0 COMMON     2     2      0
 ---------------------------------------------------------------------------------
 (1) _ADC_IsConversionDone                                 0     0      0       0
 ---------------------------------------------------------------------------------
 (1) _ADC_GetConversionResult                              2     0      2       0
                                              0 COMMON     2     0      2
 ---------------------------------------------------------------------------------
 Estimated maximum stack depth 2
 ---------------------------------------------------------------------------------

 Call Graph Graphs:

 _main (ROOT)
   _ADC_GetConversionResult
   _ADC_IsConversionDone
   _ADC_SelectChannel
   _ADC_StartConversion
   _PWM3_LoadDutyValue
   _SYSTEM_Initialize
     _ADC_Initialize
     _OSCILLATOR_Initialize
     _PIN_MANAGER_Initialize
     _PWM3_Initialize
     _TMR2_Initialize
     _WDT_Initialize

 Address spaces:
Name               Size   Autos  Total    Cost      Usage
BIGRAM              70      0       0       0        0.0%
NULL                 0      0       0       0        0.0%
CODE                 0      0       0       0        0.0%
BITCOMMON            E      0       0       1        0.0%
BITSFR0              0      0       0       1        0.0%
SFR0                 0      0       0       1        0.0%
COMMON               E      7       9       2       64.3%
BITSFR1              0      0       0       2        0.0%
SFR1                 0      0       0       2        0.0%
BITSFR2              0      0       0       3        0.0%
SFR2                 0      0       0       3        0.0%
STACK                0      0       0       3        0.0%
BITSFR3              0      0       0       4        0.0%
SFR3                 0      0       0       4        0.0%
ABS                  0      0       9       4        0.0%
BITBANK0            50      0       0       5        0.0%
BITSFR4              0      0       0       5        0.0%
SFR4                 0      0       0       5        0.0%
BANK0               50      0       0       6        0.0%
BITSFR5              0      0       0       6        0.0%
SFR5                 0      0       0       6        0.0%
BITBANK1            20      0       0       7        0.0%
BITSFR6              0      0       0       7        0.0%
SFR6                 0      0       0       7        0.0%
BANK1               20      0       0       8        0.0%
BITSFR7              0      0       0       8        0.0%
SFR7                 0      0       0       8        0.0%
BITSFR8              0      0       0       9        0.0%
SFR8                 0      0       0       9        0.0%
DATA                 0      0       9       9        0.0%
BITSFR9              0      0       0      10        0.0%
SFR9                 0      0       0      10        0.0%
BITSFR10             0      0       0      11        0.0%
SFR10                0      0       0      11        0.0%
BITSFR11             0      0       0      12        0.0%
SFR11                0      0       0      12        0.0%
BITSFR12             0      0       0      13        0.0%
SFR12                0      0       0      13        0.0%
BITSFR13             0      0       0      14        0.0%
SFR13                0      0       0      14        0.0%
BITSFR14             0      0       0      15        0.0%
SFR14                0      0       0      15        0.0%
BITSFR15             0      0       0      16        0.0%
SFR15                0      0       0      16        0.0%
BITSFR16             0      0       0      17        0.0%
SFR16                0      0       0      17        0.0%
BITSFR17             0      0       0      18        0.0%
SFR17                0      0       0      18        0.0%
BITSFR18             0      0       0      19        0.0%
SFR18                0      0       0      19        0.0%
BITSFR19             0      0       0      20        0.0%
SFR19                0      0       0      20        0.0%
BITSFR20             0      0       0      21        0.0%
SFR20                0      0       0      21        0.0%
BITSFR21             0      0       0      22        0.0%
SFR21                0      0       0      22        0.0%
BITSFR22             0      0       0      23        0.0%
SFR22                0      0       0      23        0.0%
BITSFR23             0      0       0      24        0.0%
SFR23                0      0       0      24        0.0%
BITSFR24             0      0       0      25        0.0%
SFR24                0      0       0      25        0.0%
BITSFR25             0      0       0      26        0.0%
SFR25                0      0       0      26        0.0%
BITSFR26             0      0       0      27        0.0%
SFR26                0      0       0      27        0.0%
BITSFR27             0      0       0      28        0.0%
SFR27                0      0       0      28        0.0%
BITSFR28             0      0       0      29        0.0%
SFR28                0      0       0      29        0.0%
BITSFR29             0      0       0      30        0.0%
SFR29                0      0       0      30        0.0%
BITSFR30             0      0       0      31        0.0%
SFR30                0      0       0      31        0.0%
BITSFR31             0      0       0      32        0.0%
SFR31                0      0       0      32        0.0%


Microchip Technology PIC Macro Assembler V2.10 build 88905656 
Symbol Table                                                                                   Fri Jan 03 21:31:44 2020

                     __CFG_CP$OFF 0000                                l20 0791                                l23 0755  
                              l17 0774                                l26 076C                                l29 075F  
                              u70 07DC                                u71 07DB                                u80 07F4  
                              u65 07B4                                u81 07F3                       __CFG_LVP$ON 0000  
                             l206 0784                               l143 07A4                               l146 0765  
                             l149 0759                               l190 077C                               l193 07BA  
                             l178 07D2                               l803 0792                               l751 076D  
                             l753 0770                               l761 07BB                               l755 0771  
                             l771 07CE                               l763 07BF                               l861 075A  
                             l757 0772                               l773 0760                               l765 07C2  
                             l781 077D                               l791 0790                               l759 0773  
                             l775 0763                               l767 07C7                               l783 0780  
                             l871 07DC                               l793 0753                               l865 07A5  
                             l769 07C9                               l785 0781                               l777 0756  
                             l873 07E1                               l795 0766                               l779 0775  
                             l787 0782                               l875 07E5                               l867 07D3  
                             l789 0786                               l877 07EC                               l869 07D6  
                             l879 07F4                               _PR2 001B                   _TMR2_Initialize 077D  
                    __CFG_BORV$LO 0000                               wreg 0009                       main@channel 0076  
                            _LATA 010C                              _LATB 010D                              _LATC 010E  
                            _TMR2 001A                              _WPUA 020C                              _WPUB 020D  
                    __CFG_WRT$OFF 0000                              _main 07D3                              btemp 007E  
                   __CFG_BOREN$ON 0000                              start 0001                     __CFG_MCLRE$ON 0000  
  __size_of_OSCILLATOR_Initialize 0006     __end_of_OSCILLATOR_Initialize 0766                             ?_main 0070  
                   __CFG_WDTE$OFF 0000                             _T2CON 001C                             _TRISA 008C  
                           _TRISB 008D                             _TRISC 008E  __size_of_ADC_GetConversionResult 0006  
                  _WDT_Initialize 0756           __end_of_PWM3_Initialize 077D                             status 0003  
                           wtemp0 007E                   __initialization 07F9                      __end_of_main 07F9  
         __end_of_TMR2_Initialize 0785                    __CFG_LPBOR$OFF 0000                            ??_main 0074  
          __end_of_WDT_Initialize 075A     __size_of_ADC_IsConversionDone 0007                            _ADCON0 009D  
                          _ADCON1 009E                            _ADCON2 009F                            _ADRESH 009C  
                   main@mainState 0075                            _ADRESL 009B                            _APFCON 011D  
                          _ANSELA 018C                            _ANSELB 018D                            _ANSELC 018E  
                          _BORCON 0116                            _OSCCON 0099                            _WDTCON 0097  
                  __CFG_PWRTE$OFF 0000       __size_of_PWM3_LoadDutyValue 0016                    __CFG_STVREN$ON 0000  
                    __pdataCOMMON 0076                   ?_WDT_Initialize 0070                  ?_PWM3_Initialize 0070  
               _SYSTEM_Initialize 0792           __end_of__initialization 07FE                ?_SYSTEM_Initialize 0070  
    __size_of_ADC_StartConversion 0003                    __pcstackCOMMON 0070               ??_SYSTEM_Initialize 0070  
                ?_TMR2_Initialize 0070           _ADC_GetConversionResult 075A                    _OPTION_REGbits 0095  
       __end_of_SYSTEM_Initialize 07A5                        __pmaintext 07D3           __size_of_ADC_Initialize 0008  
                         _PWM3DCH 0618                           _PWM3DCL 0617                           _PWM3CON 0619  
       ??_ADC_GetConversionResult 0072                           __ptext1 0792                           __ptext2 0756  
                         __ptext3 077D                           __ptext4 0775                           __ptext5 07BB  
                         __ptext6 0760                           __ptext7 076D                           __ptext8 07A5  
                         __ptext9 0753             _OSCILLATOR_Initialize 0760                         _T2CONbits 001C  
        ??_PIN_MANAGER_Initialize 0070        __size_of_SYSTEM_Initialize 0013              end_of_initialization 07FE  
    __end_of_ADC_IsConversionDone 076D                  ??_WDT_Initialize 0070                  __CFG_FOSC$INTOSC 0000  
             _ADC_StartConversion 0753        __end_of_PWM3_LoadDutyValue 07BB              ?_ADC_StartConversion 0070  
                   __pidataCOMMON 0752                    _ADC_Initialize 076D            ?_OSCILLATOR_Initialize 0070  
             start_initialization 07F9   __size_of_PIN_MANAGER_Initialize 0018             ??_ADC_StartConversion 0070  
        __size_of_PWM3_Initialize 0008            __end_of_ADC_Initialize 0775                       __pbssCOMMON 0075  
                       ___latbits 0000              _ADC_IsConversionDone 0766          __size_of_TMR2_Initialize 0008  
          _PIN_MANAGER_Initialize 07BB                 _ADC_SelectChannel 0785                   ?_ADC_Initialize 0070  
              ?_ADC_SelectChannel 0070               ??_ADC_SelectChannel 0070             ?_ADC_IsConversionDone 0070  
                        _LATBbits 010D                          _LATCbits 010E         __end_of_ADC_SelectChannel 0792  
                        _PIR1bits 0011                 ??_PWM3_Initialize 0070                        _ADCON0bits 009D  
        ADC_SelectChannel@channel 0071                 ??_TMR2_Initialize 0070          ?_ADC_GetConversionResult 0070  
         ??_OSCILLATOR_Initialize 0070                _PWM3_LoadDutyValue 07A5            ??_ADC_IsConversionDone 0070  
                        __ptext10 0785                          __ptext11 0766                          __ptext12 075A  
             ?_PWM3_LoadDutyValue 0070                     __size_of_main 0026        __size_of_ADC_SelectChannel 000D  
            ??_PWM3_LoadDutyValue 0072           __size_of_WDT_Initialize 0004       __end_of_ADC_StartConversion 0756  
         ?_PIN_MANAGER_Initialize 0070   __end_of_ADC_GetConversionResult 0760                 __CFG_CLKOUTEN$OFF 0000  
                ??_ADC_Initialize 0070       PWM3_LoadDutyValue@dutyValue 0070    __end_of_PIN_MANAGER_Initialize 07D3  
                 _PWM3_Initialize 0775  
